
dose: system execution failed.
Following is the set of recorded exceptions:

******************************** Thread exception *****************************
In thread           Child thread           0x198 (thread id)
*******************************************************************************
-------------------------------------------------------------------------------
Class / Object      Routine                Nature of exception           Effect
-------------------------------------------------------------------------------
GT_NET_MUTEX_SOCKET eif_net_retrieved      Retrieve: unable to read type of storable.:
<000000E3DBE89B18>  (From SOCKET)          Runtime I/O error.            Fail
-------------------------------------------------------------------------------
GT_NET_MUTEX_SOCKET eif_net_retrieved                                   
<000000E3DBE89B18>  (From SOCKET)          Routine failure.              Fail
-------------------------------------------------------------------------------
GT_NET_MUTEX_SOCKET retrieved @7                                        
<000000E3DBE89B18>  (From SOCKET)          Routine failure.              Fail
-------------------------------------------------------------------------------
GT_NET_CONNECTION_LISTENER
                    execute @6             
<000000E3DBEE25B8>                         Routine failure.              Rescue
-------------------------------------------------------------------------------
GT_NET_CONNECTION_LISTENER
                    thr_main @3            
<000000E3DBEE25B8>  (From THREAD)          Routine failure.              Rescue
-------------------------------------------------------------------------------
APPLICATION         root's creation                                     
<000000E3DBE7CF98>                         Routine failure.              Exit
-------------------------------------------------------------------------------

dose: system execution failed.
Following is the set of recorded exceptions:

******************************** Thread exception *****************************
In thread           Child thread           0x1A4 (thread id)
*******************************************************************************
-------------------------------------------------------------------------------
Class / Object      Routine                Nature of exception           Effect
-------------------------------------------------------------------------------
GT_GUI_BOARD_WINDOW unlock_update @2       locked_window_is_current:    
<000000E072F225B8>  (From EV_WINDOW)       Precondition violated.        Fail
-------------------------------------------------------------------------------
GT_LOGIC_BOARD      gui_open_plot_selection_window @4
<000000E072F28CA8>                         Routine failure.              Fail
-------------------------------------------------------------------------------
GT_LOGIC_PHASE_PLOT start_phase @1                                      
<000000E072F28D78>                         Routine failure.              Fail
-------------------------------------------------------------------------------
GT_LOGIC_HANDLER_PHASE
                    move_to_next_phase @6  
<000000E072F28D08>                         Routine failure.              Fail
-------------------------------------------------------------------------------
GT_LOGIC_BOARD      end_turn @7                                         
<000000E072F28CA8>                         Routine failure.              Fail
-------------------------------------------------------------------------------
GT_LOGIC_PLAYER     end_turn @3                                         
<000000E072F37D08>                         Routine failure.              Fail
-------------------------------------------------------------------------------
GT_NET_CONNECTION_LISTENER
                    dispatch @8            
<000000E072F87478>                         Routine failure.              Fail
-------------------------------------------------------------------------------
GT_NET_CONNECTION_LISTENER
                    execute @8             
<000000E072F87478>                         Routine failure.              Rescue
-------------------------------------------------------------------------------
GT_NET_CONNECTION_LISTENER
                    thr_main @3            
<000000E072F87478>  (From THREAD)          Routine failure.              Rescue
-------------------------------------------------------------------------------
APPLICATION         root's creation                                     
<000000E072F21F98>                         Routine failure.              Exit
-------------------------------------------------------------------------------

dose: system execution failed.
Following is the set of recorded exceptions:

******************************** Thread exception *****************************
In thread           Child thread           0x18C (thread id)
*******************************************************************************
-------------------------------------------------------------------------------
Class / Object      Routine                Nature of exception           Effect
-------------------------------------------------------------------------------
GT_NET_MUTEX_SOCKET eif_net_retrieved      Retrieve: unable to read type of storable.:
<00000094ABA56ED8>  (From SOCKET)          Runtime I/O error.            Fail
-------------------------------------------------------------------------------
GT_NET_MUTEX_SOCKET eif_net_retrieved                                   
<00000094ABA56ED8>  (From SOCKET)          Routine failure.              Fail
-------------------------------------------------------------------------------
GT_NET_MUTEX_SOCKET retrieved @7                                        
<00000094ABA56ED8>  (From SOCKET)          Routine failure.              Fail
-------------------------------------------------------------------------------
GT_NET_CONNECTION_LISTENER
                    execute @6             
<00000094ABAB5288>                         Routine failure.              Rescue
-------------------------------------------------------------------------------
GT_NET_CONNECTION_LISTENER
                    thr_main @3            
<00000094ABAB5288>  (From THREAD)          Routine failure.              Rescue
-------------------------------------------------------------------------------
APPLICATION         root's creation                                     
<00000094ABA4FF98>                         Routine failure.              Exit
-------------------------------------------------------------------------------

dose: system execution failed.
Following is the set of recorded exceptions:

******************************** Thread exception *****************************
In thread           Child thread           0x260 (thread id)
*******************************************************************************
-------------------------------------------------------------------------------
Class / Object      Routine                Nature of exception           Effect
-------------------------------------------------------------------------------
GT_NET_MUTEX_SOCKET eif_net_retrieved      Retrieve: unable to read type of storable.:
<000000917DFBA8A8>  (From SOCKET)          Runtime I/O error.            Fail
-------------------------------------------------------------------------------
GT_NET_MUTEX_SOCKET eif_net_retrieved                                   
<000000917DFBA8A8>  (From SOCKET)          Routine failure.              Fail
-------------------------------------------------------------------------------
GT_NET_MUTEX_SOCKET retrieved @7                                        
<000000917DFBA8A8>  (From SOCKET)          Routine failure.              Fail
-------------------------------------------------------------------------------
GT_NET_CONNECTION_LISTENER
                    execute @6             
<000000917E013FE8>                         Routine failure.              Rescue
-------------------------------------------------------------------------------
GT_NET_CONNECTION_LISTENER
                    thr_main @3            
<000000917E013FE8>  (From THREAD)          Routine failure.              Rescue
-------------------------------------------------------------------------------
APPLICATION         root's creation                                     
<000000917DFADC08>                         Routine failure.              Exit
-------------------------------------------------------------------------------

dose: system execution failed.
Following is the set of recorded exceptions:

******************************** Thread exception *****************************
In thread           Child thread           0x270 (thread id)
*******************************************************************************
-------------------------------------------------------------------------------
Class / Object      Routine                Nature of exception           Effect
-------------------------------------------------------------------------------
GT_NET_MUTEX_SOCKET eif_net_retrieved      Retrieve: unable to read type of storable.:
<0000003573810368>  (From SOCKET)          Runtime I/O error.            Fail
-------------------------------------------------------------------------------
GT_NET_MUTEX_SOCKET eif_net_retrieved                                   
<0000003573810368>  (From SOCKET)          Routine failure.              Fail
-------------------------------------------------------------------------------
GT_NET_MUTEX_SOCKET retrieved @7                                        
<0000003573810368>  (From SOCKET)          Routine failure.              Fail
-------------------------------------------------------------------------------
GT_NET_CONNECTION_LISTENER
                    execute @6             
<00000035738760A8>                         Routine failure.              Rescue
-------------------------------------------------------------------------------
GT_NET_CONNECTION_LISTENER
                    thr_main @3            
<00000035738760A8>  (From THREAD)          Routine failure.              Rescue
-------------------------------------------------------------------------------
APPLICATION         root's creation                                     
<0000003573809588>                         Routine failure.              Exit
-------------------------------------------------------------------------------

dose: system execution failed.
Following is the set of recorded exceptions:

******************************** Thread exception *****************************
In thread           Child thread           0x194 (thread id)
*******************************************************************************
-------------------------------------------------------------------------------
Class / Object      Routine                Nature of exception           Effect
-------------------------------------------------------------------------------
GT_NET_MUTEX_SOCKET eif_net_retrieved      Retrieve: unable to read type of storable.:
<0000002CCF02BF08>  (From SOCKET)          Runtime I/O error.            Fail
-------------------------------------------------------------------------------
GT_NET_MUTEX_SOCKET eif_net_retrieved                                   
<0000002CCF02BF08>  (From SOCKET)          Routine failure.              Fail
-------------------------------------------------------------------------------
GT_NET_MUTEX_SOCKET retrieved @7                                        
<0000002CCF02BF08>  (From SOCKET)          Routine failure.              Fail
-------------------------------------------------------------------------------
GT_NET_CONNECTION_LISTENER
                    execute @6             
<0000002CCF089F18>                         Routine failure.              Rescue
-------------------------------------------------------------------------------
GT_NET_CONNECTION_LISTENER
                    thr_main @3            
<0000002CCF089F18>  (From THREAD)          Routine failure.              Rescue
-------------------------------------------------------------------------------
APPLICATION         root's creation                                     
<0000002CCF024F98>                         Routine failure.              Exit
-------------------------------------------------------------------------------
